<?xml version="1.0" encoding="UTF-8"?>
<!-- Generated by org.testng.reporters.JUnitReportReporter -->
<testsuite hostname="ob-chetan-pc" failures="0" tests="1" name="Suite.FontSuite" time="23.286" errors="0" timestamp="24 Jul 2019 03:20:36 GMT" skipped="0">
  <testcase classname="Suite.FontSuite" name="test" time="23.286"/>
</testsuite> <!-- Suite.FontSuite -->
